mode: atomic
github.com/mstruebing/tldr/render.go:18.49,22.21 4 0
github.com/mstruebing/tldr/render.go:48.2,48.32 1 0
github.com/mstruebing/tldr/render.go:22.21,24.23 2 0
github.com/mstruebing/tldr/render.go:24.23,34.4 6 0
github.com/mstruebing/tldr/render.go:34.9,34.42 1 0
github.com/mstruebing/tldr/render.go:34.42,37.4 1 0
github.com/mstruebing/tldr/render.go:37.9,37.42 1 0
github.com/mstruebing/tldr/render.go:37.42,40.4 1 0
github.com/mstruebing/tldr/render.go:40.9,40.42 1 0
github.com/mstruebing/tldr/render.go:40.42,44.4 2 0
github.com/mstruebing/tldr/render.go:44.9,46.4 1 0
github.com/mstruebing/tldr/render.go:53.54,55.16 2 0
github.com/mstruebing/tldr/render.go:58.2,59.12 2 0
github.com/mstruebing/tldr/render.go:55.16,57.3 1 0
github.com/mstruebing/tldr/platform.go:11.45,13.42 2 11
github.com/mstruebing/tldr/platform.go:16.2,16.28 1 11
github.com/mstruebing/tldr/platform.go:13.42,15.3 1 2
github.com/mstruebing/tldr/platform.go:20.73,22.16 2 2
github.com/mstruebing/tldr/platform.go:26.2,28.30 3 2
github.com/mstruebing/tldr/platform.go:36.2,36.19 1 2
github.com/mstruebing/tldr/platform.go:39.2,39.18 1 2
github.com/mstruebing/tldr/platform.go:42.2,42.23 1 2
github.com/mstruebing/tldr/platform.go:22.16,24.3 1 0
github.com/mstruebing/tldr/platform.go:28.30,29.28 1 10
github.com/mstruebing/tldr/platform.go:29.28,31.4 1 1
github.com/mstruebing/tldr/platform.go:31.9,31.33 1 9
github.com/mstruebing/tldr/platform.go:31.33,33.4 1 2
github.com/mstruebing/tldr/platform.go:36.19,38.3 1 1
github.com/mstruebing/tldr/platform.go:39.18,41.3 1 0
github.com/mstruebing/tldr/cache/cache.go:35.75,37.16 2 3
github.com/mstruebing/tldr/cache/cache.go:41.2,44.24 3 3
github.com/mstruebing/tldr/cache/cache.go:61.2,61.18 1 3
github.com/mstruebing/tldr/cache/cache.go:37.16,39.3 1 0
github.com/mstruebing/tldr/cache/cache.go:44.24,46.17 2 0
github.com/mstruebing/tldr/cache/cache.go:49.3,51.17 3 0
github.com/mstruebing/tldr/cache/cache.go:46.17,48.4 1 0
github.com/mstruebing/tldr/cache/cache.go:51.17,53.4 1 0
github.com/mstruebing/tldr/cache/cache.go:54.8,54.70 1 3
github.com/mstruebing/tldr/cache/cache.go:54.70,56.17 2 0
github.com/mstruebing/tldr/cache/cache.go:56.17,58.4 1 0
github.com/mstruebing/tldr/cache/cache.go:65.61,68.16 3 1
github.com/mstruebing/tldr/cache/cache.go:72.2,72.30 1 1
github.com/mstruebing/tldr/cache/cache.go:78.2,78.23 1 1
github.com/mstruebing/tldr/cache/cache.go:68.16,70.3 1 0
github.com/mstruebing/tldr/cache/cache.go:72.30,74.28 2 6
github.com/mstruebing/tldr/cache/cache.go:74.28,76.4 1 5
github.com/mstruebing/tldr/cache/cache.go:82.77,84.2 1 0
github.com/mstruebing/tldr/cache/cache.go:87.48,91.78 3 0
github.com/mstruebing/tldr/cache/cache.go:99.2,99.16 1 0
github.com/mstruebing/tldr/cache/cache.go:103.2,104.29 2 0
github.com/mstruebing/tldr/cache/cache.go:108.2,108.19 1 0
github.com/mstruebing/tldr/cache/cache.go:91.78,92.17 1 0
github.com/mstruebing/tldr/cache/cache.go:96.3,96.13 1 0
github.com/mstruebing/tldr/cache/cache.go:92.17,94.4 1 0
github.com/mstruebing/tldr/cache/cache.go:99.16,101.3 1 0
github.com/mstruebing/tldr/cache/cache.go:104.29,107.3 2 0
github.com/mstruebing/tldr/cache/cache.go:113.37,115.16 2 1
github.com/mstruebing/tldr/cache/cache.go:119.2,120.16 2 1
github.com/mstruebing/tldr/cache/cache.go:124.2,125.16 2 1
github.com/mstruebing/tldr/cache/cache.go:128.2,128.12 1 1
github.com/mstruebing/tldr/cache/cache.go:115.16,117.3 1 0
github.com/mstruebing/tldr/cache/cache.go:120.16,122.3 1 0
github.com/mstruebing/tldr/cache/cache.go:125.16,127.3 1 0
github.com/mstruebing/tldr/cache/cache.go:131.53,133.16 2 1254
github.com/mstruebing/tldr/cache/cache.go:136.2,139.26 3 1254
github.com/mstruebing/tldr/cache/cache.go:147.2,148.88 2 1246
github.com/mstruebing/tldr/cache/cache.go:152.2,153.16 2 1246
github.com/mstruebing/tldr/cache/cache.go:157.2,158.16 2 1246
github.com/mstruebing/tldr/cache/cache.go:161.2,164.16 3 1246
github.com/mstruebing/tldr/cache/cache.go:167.2,167.12 1 1246
github.com/mstruebing/tldr/cache/cache.go:133.16,135.3 1 0
github.com/mstruebing/tldr/cache/cache.go:139.26,141.17 2 8
github.com/mstruebing/tldr/cache/cache.go:144.3,144.13 1 8
github.com/mstruebing/tldr/cache/cache.go:141.17,143.4 1 0
github.com/mstruebing/tldr/cache/cache.go:148.88,150.3 1 1246
github.com/mstruebing/tldr/cache/cache.go:153.16,155.3 1 0
github.com/mstruebing/tldr/cache/cache.go:158.16,160.3 1 0
github.com/mstruebing/tldr/cache/cache.go:164.16,166.3 1 0
github.com/mstruebing/tldr/cache/cache.go:170.45,172.16 2 1
github.com/mstruebing/tldr/cache/cache.go:175.2,178.16 3 1
github.com/mstruebing/tldr/cache/cache.go:181.2,184.16 3 1
github.com/mstruebing/tldr/cache/cache.go:188.2,189.16 2 1
github.com/mstruebing/tldr/cache/cache.go:193.2,194.16 2 1
github.com/mstruebing/tldr/cache/cache.go:197.2,197.12 1 1
github.com/mstruebing/tldr/cache/cache.go:172.16,174.3 1 0
github.com/mstruebing/tldr/cache/cache.go:178.16,180.3 1 0
github.com/mstruebing/tldr/cache/cache.go:184.16,186.3 1 0
github.com/mstruebing/tldr/cache/cache.go:189.16,191.3 1 0
github.com/mstruebing/tldr/cache/cache.go:194.16,196.3 1 0
github.com/mstruebing/tldr/cache/cache.go:200.43,202.2 1 1
github.com/mstruebing/tldr/cache/cache.go:204.36,206.16 2 1
github.com/mstruebing/tldr/cache/cache.go:209.2,211.32 2 1
github.com/mstruebing/tldr/cache/cache.go:217.2,217.12 1 1
github.com/mstruebing/tldr/cache/cache.go:206.16,208.3 1 0
github.com/mstruebing/tldr/cache/cache.go:211.32,213.17 2 1254
github.com/mstruebing/tldr/cache/cache.go:213.17,215.4 1 0
github.com/mstruebing/tldr/cache/cache.go:220.33,222.16 2 5
github.com/mstruebing/tldr/cache/cache.go:226.2,228.37 2 5
github.com/mstruebing/tldr/cache/cache.go:232.2,232.41 1 5
github.com/mstruebing/tldr/cache/cache.go:222.16,224.3 1 0
github.com/mstruebing/tldr/cache/cache.go:228.37,230.3 1 0
